Using pre-set license
Built from '2021.3/staging' branch; Version is '2021.3.8f1 (b30333d56e81) revision 11731763'; Using compiler version '192829333'; Build Type 'Release'
OS: 'Windows 10  (10.0.19044) 64bit Professional' Language: 'en' Physical Memory: 16249 MB
BatchMode: 1, IsHumanControllingUs: 0, StartBugReporterOnCrash: 0, Is64bit: 1, IsPro: 1

COMMAND LINE ARGUMENTS:
C:\Program Files\Unity\Hub\Editor\2021.3.8f1\Editor\Unity.exe
-adb2
-batchMode
-noUpm
-name
AssetImportWorker0
-projectPath
C:/Users/Bristol Culture/Documents/Github Repos/2D_Platformer
-logFile
Logs/AssetImportWorker0.log
-srvPort
58878
Successfully changed project path to: C:/Users/Bristol Culture/Documents/Github Repos/2D_Platformer
C:/Users/Bristol Culture/Documents/Github Repos/2D_Platformer
[UnityMemory] Configuration Parameters - Can be set up in boot.config
    "memorysetup-bucket-allocator-granularity=16"
    "memorysetup-bucket-allocator-bucket-count=8"
    "memorysetup-bucket-allocator-block-size=33554432"
    "memorysetup-bucket-allocator-block-count=8"
    "memorysetup-main-allocator-block-size=16777216"
    "memorysetup-thread-allocator-block-size=16777216"
    "memorysetup-gfx-main-allocator-block-size=16777216"
    "memorysetup-gfx-thread-allocator-block-size=16777216"
    "memorysetup-cache-allocator-block-size=4194304"
    "memorysetup-typetree-allocator-block-size=2097152"
    "memorysetup-profiler-bucket-allocator-granularity=16"
    "memorysetup-profiler-bucket-allocator-bucket-count=8"
    "memorysetup-profiler-bucket-allocator-block-size=33554432"
    "memorysetup-profiler-bucket-allocator-block-count=8"
    "memorysetup-profiler-allocator-block-size=16777216"
    "memorysetup-profiler-editor-allocator-block-size=1048576"
    "memorysetup-temp-allocator-size-main=16777216"
    "memorysetup-job-temp-allocator-block-size=2097152"
    "memorysetup-job-temp-allocator-block-size-background=1048576"
    "memorysetup-job-temp-allocator-reduction-small-platforms=262144"
    "memorysetup-temp-allocator-size-background-worker=32768"
    "memorysetup-temp-allocator-size-job-worker=262144"
    "memorysetup-temp-allocator-size-preload-manager=33554432"
    "memorysetup-temp-allocator-size-nav-mesh-worker=65536"
    "memorysetup-temp-allocator-size-audio-worker=65536"
    "memorysetup-temp-allocator-size-cloud-worker=32768"
    "memorysetup-temp-allocator-size-gi-baking-worker=262144"
    "memorysetup-temp-allocator-size-gfx=262144"
Refreshing native plugins compatible for Editor in 312.07 ms, found 4 plugins.
Preloading 0 native plugins for Editor in 0.00 ms.
Initialize engine version: 2021.3.8f1 (b30333d56e81)
[Subsystems] Discovering subsystems at path C:/Program Files/Unity/Hub/Editor/2021.3.8f1/Editor/Data/Resources/UnitySubsystems
[Subsystems] Discovering subsystems at path C:/Users/Bristol Culture/Documents/Github Repos/2D_Platformer/Assets
GfxDevice: creating device client; threaded=0; jobified=0
Direct3D:
    Version:  Direct3D 11.0 [level 11.1]
    Renderer: Intel(R) UHD Graphics 620 (ID=0x5917)
    Vendor:   Intel
    VRAM:     8124 MB
    Driver:   27.20.100.9664
Initialize mono
Mono path[0] = 'C:/Program Files/Unity/Hub/Editor/2021.3.8f1/Editor/Data/Managed'
Mono path[1] = 'C:/Program Files/Unity/Hub/Editor/2021.3.8f1/Editor/Data/MonoBleedingEdge/lib/mono/unityjit-win32'
Mono config path = 'C:/Program Files/Unity/Hub/Editor/2021.3.8f1/Editor/Data/MonoBleedingEdge/etc'
Using monoOptions --debugger-agent=transport=dt_socket,embedding=1,server=y,suspend=n,address=127.0.0.1:56888
Begin MonoManager ReloadAssembly
Registering precompiled unity dll's ...
Register platform support module: C:/Program Files/Unity/Hub/Editor/2021.3.8f1/Editor/Data/PlaybackEngines/WebGLSupport/UnityEditor.WebGL.Extensions.dll
Register platform support module: C:/Program Files/Unity/Hub/Editor/2021.3.8f1/Editor/Data/PlaybackEngines/WindowsStandaloneSupport/UnityEditor.WindowsStandalone.Extensions.dll
Registered in 0.029158 seconds.
Native extension for WindowsStandalone target not found
Native extension for WebGL target not found
Refreshing native plugins compatible for Editor in 323.58 ms, found 4 plugins.
Preloading 0 native plugins for Editor in 0.00 ms.
Mono: successfully reloaded assembly
- Completed reload, in  2.383 seconds
Domain Reload Profiling:
	ReloadAssembly (2386ms)
		BeginReloadAssembly (287ms)
			ExecutionOrderSort (0ms)
			DisableScriptedObjects (0ms)
			BackupInstance (0ms)
			ReleaseScriptingObjects (0ms)
			CreateAndSetChildDomain (3ms)
		EndReloadAssembly (1701ms)
			LoadAssemblies (277ms)
			RebuildTransferFunctionScriptingTraits (0ms)
			SetupTypeCache (355ms)
			ReleaseScriptCaches (0ms)
			RebuildScriptCaches (90ms)
			SetupLoadedEditorAssemblies (1076ms)
				LogAssemblyErrors (0ms)
				InitializePlatformSupportModulesInManaged (27ms)
				SetLoadedEditorAssemblies (0ms)
				RefreshPlugins (324ms)
				BeforeProcessingInitializeOnLoad (4ms)
				ProcessInitializeOnLoadAttributes (545ms)
				ProcessInitializeOnLoadMethodAttributes (174ms)
				AfterProcessingInitializeOnLoad (0ms)
				EditorAssembliesLoaded (0ms)
			ExecutionOrderSort2 (0ms)
			AwakeInstancesAfterBackupRestoration (0ms)
Platform modules already initialized, skipping
Registering precompiled user dll's ...
Registered in 0.048743 seconds.
Begin MonoManager ReloadAssembly
Native extension for WindowsStandalone target not found
Native extension for WebGL target not found
Refreshing native plugins compatible for Editor in 286.18 ms, found 4 plugins.
Preloading 0 native plugins for Editor in 0.00 ms.
Mono: successfully reloaded assembly
- Completed reload, in  3.856 seconds
Domain Reload Profiling:
	ReloadAssembly (3858ms)
		BeginReloadAssembly (379ms)
			ExecutionOrderSort (0ms)
			DisableScriptedObjects (19ms)
			BackupInstance (0ms)
			ReleaseScriptingObjects (0ms)
			CreateAndSetChildDomain (56ms)
		EndReloadAssembly (3051ms)
			LoadAssemblies (297ms)
			RebuildTransferFunctionScriptingTraits (0ms)
			SetupTypeCache (826ms)
			ReleaseScriptCaches (2ms)
			RebuildScriptCaches (181ms)
			SetupLoadedEditorAssemblies (1617ms)
				LogAssemblyErrors (0ms)
				InitializePlatformSupportModulesInManaged (22ms)
				SetLoadedEditorAssemblies (1ms)
				RefreshPlugins (286ms)
				BeforeProcessingInitializeOnLoad (337ms)
				ProcessInitializeOnLoadAttributes (792ms)
				ProcessInitializeOnLoadMethodAttributes (150ms)
				AfterProcessingInitializeOnLoad (29ms)
				EditorAssembliesLoaded (0ms)
			ExecutionOrderSort2 (0ms)
			AwakeInstancesAfterBackupRestoration (17ms)
Platform modules already initialized, skipping
========================================================================
Worker process is ready to serve import requests
Launched and connected shader compiler UnityShaderCompiler.exe after 0.15 seconds
Refreshing native plugins compatible for Editor in 1.33 ms, found 4 plugins.
Preloading 0 native plugins for Editor in 0.00 ms.
Unloading 4082 Unused Serialized files (Serialized files now loaded: 0)
Unloading 44 unused Assets / (222.5 KB). Loaded Objects now: 4532.
Memory consumption went from 151.6 MB to 151.4 MB.
Total: 8.259200 ms (FindLiveObjects: 0.560400 ms CreateObjectMapping: 0.527100 ms MarkObjects: 6.852000 ms  DeleteObjects: 0.317600 ms)

AssetImportParameters requested are different than current active one (requested -> active):
  custom:video-decoder-ogg-theora: a1e56fd34408186e4bbccfd4996cb3dc -> 
  custom:container-muxer-webm: aa71ff27fc2769a1b78a27578f13a17b -> 
  custom:container-demuxer-webm: 4f35f7cbe854078d1ac9338744f61a02 -> 
  custom:video-encoder-webm-vp8: eb34c28f22e8b96e1ab97ce403110664 -> 
  custom:audio-encoder-webm-vorbis: bf7c407c2cedff20999df2af8eb42d56 -> 
  custom:framework-win-MediaFoundation: 216162199b28c13a410421893ffa2e32 -> 
  custom:container-demuxer-ogg: 62fdf1f143b41e24485cea50d1cbac27 -> 
  custom:video-decoder-webm-vp8: 9c59270c3fd7afecdb556c50c9e8de78 -> 
  custom:audio-decoder-ogg-vorbis: bf7c407c2cedff20999df2af8eb42d56 -> 
========================================================================
Received Import Request.
  Time since last request: 149897.967646 seconds.
  path: Assets
  artifactKey: Guid(00000000000000001000000000000000) Importer(815301076,1909f56bfc062723c751e8b465ee728b)
Start importing Assets using Guid(00000000000000001000000000000000) Importer(815301076,1909f56bfc062723c751e8b465ee728b)  -> (artifact id: '79842766b460edbeab6a34051e857a80') in 0.023717 seconds 
========================================================================
Received Import Request.
  Time since last request: 20.939766 seconds.
  path: Assets/Animation
  artifactKey: Guid(5cf04ccdbad617e42ab82129bcd02655) Importer(815301076,1909f56bfc062723c751e8b465ee728b)
Start importing Assets/Animation using Guid(5cf04ccdbad617e42ab82129bcd02655) Importer(815301076,1909f56bfc062723c751e8b465ee728b)  -> (artifact id: 'f63b754bc6c2175fdfa8e2f5abc17aae') in 0.016735 seconds 
========================================================================
Received Import Request.
  Time since last request: 7.177337 seconds.
  path: Assets/Animation/New Folder
  artifactKey: Guid(75c31af2416c20b45a798dcb10683150) Importer(815301076,1909f56bfc062723c751e8b465ee728b)
Start importing Assets/Animation/New Folder using Guid(75c31af2416c20b45a798dcb10683150) Importer(815301076,1909f56bfc062723c751e8b465ee728b)  -> (artifact id: '227a0cb765cf712db80084575d74a33c') in 0.015598 seconds 
========================================================================
Received Import Request.
  Time since last request: 19.664625 seconds.
  path: Assets/Tiles
  artifactKey: Guid(8659b9cb2c56ade4a8addb33877796f2) Importer(815301076,1909f56bfc062723c751e8b465ee728b)
Start importing Assets/Tiles using Guid(8659b9cb2c56ade4a8addb33877796f2) Importer(815301076,1909f56bfc062723c751e8b465ee728b)  -> (artifact id: '6c7ae5abe61642553179eb5140ca45ea') in 0.018205 seconds 
========================================================================
Received Import Request.
  Time since last request: 13.512043 seconds.
  path: Assets/Tiles/TilePalettes
  artifactKey: Guid(777ae2b8096d2c8428fd2c6a56d0e590) Importer(815301076,1909f56bfc062723c751e8b465ee728b)
Start importing Assets/Tiles/TilePalettes using Guid(777ae2b8096d2c8428fd2c6a56d0e590) Importer(815301076,1909f56bfc062723c751e8b465ee728b)  -> (artifact id: 'd9ae0afb744f7a173e78888e86ee27eb') in 0.019133 seconds 
========================================================================
Received Prepare
Registering precompiled user dll's ...
Registered in 0.047211 seconds.
Begin MonoManager ReloadAssembly
Native extension for WindowsStandalone target not found
Native extension for WebGL target not found
Refreshing native plugins compatible for Editor in 2.88 ms, found 4 plugins.
Preloading 0 native plugins for Editor in 0.00 ms.
Mono: successfully reloaded assembly
- Completed reload, in  4.214 seconds
Domain Reload Profiling:
	ReloadAssembly (4216ms)
		BeginReloadAssembly (494ms)
			ExecutionOrderSort (0ms)
			DisableScriptedObjects (28ms)
			BackupInstance (0ms)
			ReleaseScriptingObjects (0ms)
			CreateAndSetChildDomain (133ms)
		EndReloadAssembly (3260ms)
			LoadAssemblies (361ms)
			RebuildTransferFunctionScriptingTraits (1ms)
			SetupTypeCache (1023ms)
			ReleaseScriptCaches (3ms)
			RebuildScriptCaches (285ms)
			SetupLoadedEditorAssemblies (1358ms)
				LogAssemblyErrors (0ms)
				InitializePlatformSupportModulesInManaged (54ms)
				SetLoadedEditorAssemblies (1ms)
				RefreshPlugins (3ms)
				BeforeProcessingInitializeOnLoad (276ms)
				ProcessInitializeOnLoadAttributes (847ms)
				ProcessInitializeOnLoadMethodAttributes (147ms)
				AfterProcessingInitializeOnLoad (29ms)
				EditorAssembliesLoaded (1ms)
			ExecutionOrderSort2 (0ms)
			AwakeInstancesAfterBackupRestoration (27ms)
Platform modules already initialized, skipping
Refreshing native plugins compatible for Editor in 10.69 ms, found 4 plugins.
Preloading 0 native plugins for Editor in 0.00 ms.
Unloading 4237 Unused Serialized files (Serialized files now loaded: 0)
Unloading 34 unused Assets / (282.4 KB). Loaded Objects now: 4703.
Memory consumption went from 157.0 MB to 156.7 MB.
Total: 8.039500 ms (FindLiveObjects: 0.685300 ms CreateObjectMapping: 0.686500 ms MarkObjects: 6.066200 ms  DeleteObjects: 0.598600 ms)

AssetImportParameters requested are different than current active one (requested -> active):
  custom:video-decoder-ogg-theora: a1e56fd34408186e4bbccfd4996cb3dc -> 
  custom:container-muxer-webm: aa71ff27fc2769a1b78a27578f13a17b -> 
  custom:container-demuxer-webm: 4f35f7cbe854078d1ac9338744f61a02 -> 
  custom:video-encoder-webm-vp8: eb34c28f22e8b96e1ab97ce403110664 -> 
  custom:audio-encoder-webm-vorbis: bf7c407c2cedff20999df2af8eb42d56 -> 
  custom:framework-win-MediaFoundation: 216162199b28c13a410421893ffa2e32 -> 
  custom:container-demuxer-ogg: 62fdf1f143b41e24485cea50d1cbac27 -> 
  custom:video-decoder-webm-vp8: 9c59270c3fd7afecdb556c50c9e8de78 -> 
  custom:audio-decoder-ogg-vorbis: bf7c407c2cedff20999df2af8eb42d56 -> 
========================================================================
Received Import Request.
  Time since last request: 579.758334 seconds.
  path: Assets/Ground
  artifactKey: Guid(6f79e44213719274c8803c8fe67ec792) Importer(815301076,1909f56bfc062723c751e8b465ee728b)
Start importing Assets/Ground using Guid(6f79e44213719274c8803c8fe67ec792) Importer(815301076,1909f56bfc062723c751e8b465ee728b)  -> (artifact id: '91df1811cb4505562cd70c76a1efc996') in 0.036253 seconds 
========================================================================
Received Import Request.
  Time since last request: 1.953532 seconds.
  path: Assets/Ground/Grass
  artifactKey: Guid(9a9431affa49a004da464c4f07cce8c4) Importer(815301076,1909f56bfc062723c751e8b465ee728b)
Start importing Assets/Ground/Grass using Guid(9a9431affa49a004da464c4f07cce8c4) Importer(815301076,1909f56bfc062723c751e8b465ee728b)  -> (artifact id: '53ddd52a99b24fcc25d85fe3ea312c92') in 0.017454 seconds 
========================================================================
Received Import Request.
  Time since last request: 0.118019 seconds.
  path: Assets/Ground/Grass/grass.png
  artifactKey: Guid(6a6720f0feee52f4ba85abacc24ed36f) Importer(815301076,1909f56bfc062723c751e8b465ee728b)
Start importing Assets/Ground/Grass/grass.png using Guid(6a6720f0feee52f4ba85abacc24ed36f) Importer(815301076,1909f56bfc062723c751e8b465ee728b)  -> (artifact id: 'b94c4bad8aef009f3cdc3cd9001fa57b') in 0.502363 seconds 
========================================================================
Received Import Request.
  Time since last request: 0.000067 seconds.
  path: Assets/Ground/Grass/grassHill_left.png
  artifactKey: Guid(8ca6b7326f49e754085f73ee7e7df020) Importer(815301076,1909f56bfc062723c751e8b465ee728b)
Start importing Assets/Ground/Grass/grassHill_left.png using Guid(8ca6b7326f49e754085f73ee7e7df020) Importer(815301076,1909f56bfc062723c751e8b465ee728b)  -> (artifact id: '10a560c006a251fa454a9f880694635d') in 0.049588 seconds 
========================================================================
Received Import Request.
  Time since last request: 0.000085 seconds.
  path: Assets/Ground/Grass/grassCorner_left.png
  artifactKey: Guid(d7497775e2ad08746bd628073f06ebb2) Importer(815301076,1909f56bfc062723c751e8b465ee728b)
Start importing Assets/Ground/Grass/grassCorner_left.png using Guid(d7497775e2ad08746bd628073f06ebb2) Importer(815301076,1909f56bfc062723c751e8b465ee728b)  -> (artifact id: '27eab87b13638c6557937ccd08c6e485') in 0.051688 seconds 
========================================================================
Received Import Request.
  Time since last request: 0.000076 seconds.
  path: Assets/Ground/Grass/grassHalf_left.png
  artifactKey: Guid(d99f93aed7ee5e54c95a13ae8219c3d9) Importer(815301076,1909f56bfc062723c751e8b465ee728b)
Start importing Assets/Ground/Grass/grassHalf_left.png using Guid(d99f93aed7ee5e54c95a13ae8219c3d9) Importer(815301076,1909f56bfc062723c751e8b465ee728b)  -> (artifact id: 'a54900211b2113c8b0accffbb80bb218') in 0.049908 seconds 
========================================================================
Received Import Request.
  Time since last request: 0.000051 seconds.
  path: Assets/Ground/Grass/grassCliffAlt_right.png
  artifactKey: Guid(243f9731f6fe5cf41a9f7c1efe240a21) Importer(815301076,1909f56bfc062723c751e8b465ee728b)
Start importing Assets/Ground/Grass/grassCliffAlt_right.png using Guid(243f9731f6fe5cf41a9f7c1efe240a21) Importer(815301076,1909f56bfc062723c751e8b465ee728b)  -> (artifact id: '165e60825e93fbf975031b67932f589b') in 0.053364 seconds 
========================================================================
Received Import Request.
  Time since last request: 0.000053 seconds.
  path: Assets/Ground/Grass/grassHill_right.png
  artifactKey: Guid(e627c5cb8c45c504fb7557f63620715d) Importer(815301076,1909f56bfc062723c751e8b465ee728b)
Start importing Assets/Ground/Grass/grassHill_right.png using Guid(e627c5cb8c45c504fb7557f63620715d) Importer(815301076,1909f56bfc062723c751e8b465ee728b)  -> (artifact id: 'e050827ce85e78990135299b8b2d9528') in 0.060756 seconds 
========================================================================
Received Import Request.
  Time since last request: 0.000133 seconds.
  path: Assets/Ground/Grass/grassHalf.png
  artifactKey: Guid(92a5a8ee77df78547819969b5465662e) Importer(815301076,1909f56bfc062723c751e8b465ee728b)
Start importing Assets/Ground/Grass/grassHalf.png using Guid(92a5a8ee77df78547819969b5465662e) Importer(815301076,1909f56bfc062723c751e8b465ee728b)  -> (artifact id: '7cef798d4ff84b379159245131a0e374') in 0.059449 seconds 
========================================================================
Received Import Request.
  Time since last request: 0.000067 seconds.
  path: Assets/Ground/Grass/grassCorner_right.png
  artifactKey: Guid(7ba8447e2bea4944aa3d20b66aae6a5b) Importer(815301076,1909f56bfc062723c751e8b465ee728b)
Start importing Assets/Ground/Grass/grassCorner_right.png using Guid(7ba8447e2bea4944aa3d20b66aae6a5b) Importer(815301076,1909f56bfc062723c751e8b465ee728b)  -> (artifact id: 'e9aa41d1c7262bf4b84da2e572455e82') in 0.053708 seconds 
========================================================================
Received Import Request.
  Time since last request: 0.000204 seconds.
  path: Assets/Ground/Grass/grassCliff_left.png
  artifactKey: Guid(40ee529b11425c74cac223468f7cb663) Importer(815301076,1909f56bfc062723c751e8b465ee728b)
Start importing Assets/Ground/Grass/grassCliff_left.png using Guid(40ee529b11425c74cac223468f7cb663) Importer(815301076,1909f56bfc062723c751e8b465ee728b)  -> (artifact id: '9156b4d72cda3e261583e46126fe2e24') in 0.063220 seconds 
========================================================================
Received Import Request.
  Time since last request: 7.567344 seconds.
  path: Assets/Ground/Grass/PNG Grass
  artifactKey: Guid(f5c4352284893914d9a7afdce7c6b613) Importer(815301076,1909f56bfc062723c751e8b465ee728b)
Start importing Assets/Ground/Grass/PNG Grass using Guid(f5c4352284893914d9a7afdce7c6b613) Importer(815301076,1909f56bfc062723c751e8b465ee728b)  -> (artifact id: '91614db09d5d215c61ca010d05910ca3') in 0.018551 seconds 
========================================================================
Received Import Request.
  Time since last request: 0.165867 seconds.
  path: Assets/Ground/Grass/PNG Grass/grassHalf.png
  artifactKey: Guid(fb659236e7011324383276977b335a6f) Importer(815301076,1909f56bfc062723c751e8b465ee728b)
Start importing Assets/Ground/Grass/PNG Grass/grassHalf.png using Guid(fb659236e7011324383276977b335a6f) Importer(815301076,1909f56bfc062723c751e8b465ee728b)  -> (artifact id: '806128a8967d2f2ab015dbc5651a3b2d') in 0.040093 seconds 
========================================================================
Received Import Request.
  Time since last request: 0.000064 seconds.
  path: Assets/Ground/Grass/PNG Grass/slice03_03.png
  artifactKey: Guid(9ddfde3374ef8b248a1edb0a42b5dab1) Importer(815301076,1909f56bfc062723c751e8b465ee728b)
Start importing Assets/Ground/Grass/PNG Grass/slice03_03.png using Guid(9ddfde3374ef8b248a1edb0a42b5dab1) Importer(815301076,1909f56bfc062723c751e8b465ee728b)  -> (artifact id: '2532e61acd996a29383f2f967d2aa41f') in 0.053080 seconds 
========================================================================
Received Import Request.
  Time since last request: 0.000047 seconds.
  path: Assets/Ground/Grass/PNG Grass/slice14_14.png
  artifactKey: Guid(fe2ff83b538de5e4294d67746411942a) Importer(815301076,1909f56bfc062723c751e8b465ee728b)
Start importing Assets/Ground/Grass/PNG Grass/slice14_14.png using Guid(fe2ff83b538de5e4294d67746411942a) Importer(815301076,1909f56bfc062723c751e8b465ee728b)  -> (artifact id: 'd9198850e77ad40a3c9704ed3e3443d0') in 0.049271 seconds 
========================================================================
Received Import Request.
  Time since last request: 0.000070 seconds.
  path: Assets/Ground/Grass/PNG Grass/slice35_35.png
  artifactKey: Guid(c1adbb39b542621488d2031931a986c0) Importer(815301076,1909f56bfc062723c751e8b465ee728b)
Start importing Assets/Ground/Grass/PNG Grass/slice35_35.png using Guid(c1adbb39b542621488d2031931a986c0) Importer(815301076,1909f56bfc062723c751e8b465ee728b)  -> (artifact id: '609d9223cff6933da5202eb162d6d811') in 0.052423 seconds 
========================================================================
Received Import Request.
  Time since last request: 0.000145 seconds.
  path: Assets/Ground/Grass/PNG Grass/slice27_27.png
  artifactKey: Guid(ab9406655dd049849901009895313a7a) Importer(815301076,1909f56bfc062723c751e8b465ee728b)
Start importing Assets/Ground/Grass/PNG Grass/slice27_27.png using Guid(ab9406655dd049849901009895313a7a) Importer(815301076,1909f56bfc062723c751e8b465ee728b)  -> (artifact id: '3938769dce44d43223f7eed1f77d0d5e') in 0.046165 seconds 
========================================================================
Received Import Request.
  Time since last request: 0.000055 seconds.
  path: Assets/Ground/Grass/PNG Grass/slice16_16.png
  artifactKey: Guid(9ce118dc9162a7948bf5cd2cbe899542) Importer(815301076,1909f56bfc062723c751e8b465ee728b)
Start importing Assets/Ground/Grass/PNG Grass/slice16_16.png using Guid(9ce118dc9162a7948bf5cd2cbe899542) Importer(815301076,1909f56bfc062723c751e8b465ee728b)  -> (artifact id: '5bbe2c4f9f4c02084e921e422850cb6e') in 0.050039 seconds 
========================================================================
Received Import Request.
  Time since last request: 0.000047 seconds.
  path: Assets/Ground/Grass/PNG Grass/slice19_19.png
  artifactKey: Guid(9479a7f745b790f46b938dd45d7f6bca) Importer(815301076,1909f56bfc062723c751e8b465ee728b)
Start importing Assets/Ground/Grass/PNG Grass/slice19_19.png using Guid(9479a7f745b790f46b938dd45d7f6bca) Importer(815301076,1909f56bfc062723c751e8b465ee728b)  -> (artifact id: '9539a141f31b6c689e50f4bd401ceb62') in 0.064481 seconds 
========================================================================
Received Import Request.
  Time since last request: 0.000083 seconds.
  path: Assets/Ground/Grass/PNG Grass/slice17_17.png
  artifactKey: Guid(3a4bb3593b868844c92408a83e8ffbc4) Importer(815301076,1909f56bfc062723c751e8b465ee728b)
Start importing Assets/Ground/Grass/PNG Grass/slice17_17.png using Guid(3a4bb3593b868844c92408a83e8ffbc4) Importer(815301076,1909f56bfc062723c751e8b465ee728b)  -> (artifact id: '12ede25b3e316263a1dfc6e966af767e') in 0.050057 seconds 
========================================================================
Received Import Request.
  Time since last request: 0.000083 seconds.
  path: Assets/Ground/Grass/PNG Grass/slice04_04.png
  artifactKey: Guid(855e0739aec6336438d6d7b59f4b8298) Importer(815301076,1909f56bfc062723c751e8b465ee728b)
Start importing Assets/Ground/Grass/PNG Grass/slice04_04.png using Guid(855e0739aec6336438d6d7b59f4b8298) Importer(815301076,1909f56bfc062723c751e8b465ee728b)  -> (artifact id: '30407a59eebf221c68405aa59ac208e0') in 0.056983 seconds 
========================================================================
Received Import Request.
  Time since last request: 0.000063 seconds.
  path: Assets/Ground/Grass/PNG Grass/slice33_33.png
  artifactKey: Guid(0540e91e636059848a5c5bf198f19fd1) Importer(815301076,1909f56bfc062723c751e8b465ee728b)
Start importing Assets/Ground/Grass/PNG Grass/slice33_33.png using Guid(0540e91e636059848a5c5bf198f19fd1) Importer(815301076,1909f56bfc062723c751e8b465ee728b)  -> (artifact id: '3cf3433bdad21a6c2223050e415b43ad') in 0.053490 seconds 
========================================================================
Received Import Request.
  Time since last request: 0.000118 seconds.
  path: Assets/Ground/Grass/PNG Grass/slice31_31.png
  artifactKey: Guid(c83f8fba26ba1634f9a4ed03a58e51f2) Importer(815301076,1909f56bfc062723c751e8b465ee728b)
Start importing Assets/Ground/Grass/PNG Grass/slice31_31.png using Guid(c83f8fba26ba1634f9a4ed03a58e51f2) Importer(815301076,1909f56bfc062723c751e8b465ee728b)  -> (artifact id: 'f8eb28216d7b062ea1684c0da0808c4a') in 0.055449 seconds 
========================================================================
Received Import Request.
  Time since last request: 0.000048 seconds.
  path: Assets/Ground/Grass/PNG Grass/slice21_21.png
  artifactKey: Guid(035ed1bccb4c9934e85b867331ca6ccb) Importer(815301076,1909f56bfc062723c751e8b465ee728b)
Start importing Assets/Ground/Grass/PNG Grass/slice21_21.png using Guid(035ed1bccb4c9934e85b867331ca6ccb) Importer(815301076,1909f56bfc062723c751e8b465ee728b)  -> (artifact id: '7a1d0858ab41d706de6a70eb9081c3f8') in 0.052706 seconds 
========================================================================
Received Import Request.
  Time since last request: 0.000084 seconds.
  path: Assets/Ground/Grass/PNG Grass/slice30_30.png
  artifactKey: Guid(a52fb745da8f2ec439ccb20815588816) Importer(815301076,1909f56bfc062723c751e8b465ee728b)
Start importing Assets/Ground/Grass/PNG Grass/slice30_30.png using Guid(a52fb745da8f2ec439ccb20815588816) Importer(815301076,1909f56bfc062723c751e8b465ee728b)  -> (artifact id: 'c89042b672fe5daa72a0fb8c71b1018d') in 0.050443 seconds 
========================================================================
Received Import Request.
  Time since last request: 0.000071 seconds.
  path: Assets/Ground/Grass/PNG Grass/slice36_36.png
  artifactKey: Guid(cadd23b5c6defc742a11810c098df8cc) Importer(815301076,1909f56bfc062723c751e8b465ee728b)
Start importing Assets/Ground/Grass/PNG Grass/slice36_36.png using Guid(cadd23b5c6defc742a11810c098df8cc) Importer(815301076,1909f56bfc062723c751e8b465ee728b)  -> (artifact id: '610ce0d995dcaf02cfd6d1b8b7de6744') in 0.050488 seconds 
========================================================================
Received Import Request.
  Time since last request: 0.000053 seconds.
  path: Assets/Ground/Grass/PNG Grass/slice12_12.png
  artifactKey: Guid(f48794a51ce54b04bad969037399ea2e) Importer(815301076,1909f56bfc062723c751e8b465ee728b)
Start importing Assets/Ground/Grass/PNG Grass/slice12_12.png using Guid(f48794a51ce54b04bad969037399ea2e) Importer(815301076,1909f56bfc062723c751e8b465ee728b)  -> (artifact id: 'e6589b3e81b27c3af97803ef12879fa5') in 0.051201 seconds 
========================================================================
Received Import Request.
  Time since last request: 0.000051 seconds.
  path: Assets/Ground/Grass/PNG Grass/slice34_34.png
  artifactKey: Guid(357a1881a67109146a281373dc6dff09) Importer(815301076,1909f56bfc062723c751e8b465ee728b)
Start importing Assets/Ground/Grass/PNG Grass/slice34_34.png using Guid(357a1881a67109146a281373dc6dff09) Importer(815301076,1909f56bfc062723c751e8b465ee728b)  -> (artifact id: 'ecc74f4d8844ef2c226e7d01679ed08b') in 0.051103 seconds 
========================================================================
Received Import Request.
  Time since last request: 0.000079 seconds.
  path: Assets/Ground/Grass/PNG Grass/slice01_01.png
  artifactKey: Guid(1540b6ba9ee7a7a48960617b833d25df) Importer(815301076,1909f56bfc062723c751e8b465ee728b)
Start importing Assets/Ground/Grass/PNG Grass/slice01_01.png using Guid(1540b6ba9ee7a7a48960617b833d25df) Importer(815301076,1909f56bfc062723c751e8b465ee728b)  -> (artifact id: '6ab1eb5b8ffb627356d901a33ab847af') in 0.054587 seconds 
========================================================================
Received Import Request.
  Time since last request: 0.000055 seconds.
  path: Assets/Ground/Grass/PNG Grass/slice32_32.png
  artifactKey: Guid(47d972cc86e76f54f81bc807e474cc9e) Importer(815301076,1909f56bfc062723c751e8b465ee728b)
Start importing Assets/Ground/Grass/PNG Grass/slice32_32.png using Guid(47d972cc86e76f54f81bc807e474cc9e) Importer(815301076,1909f56bfc062723c751e8b465ee728b)  -> (artifact id: '1200feac4fc743b6ad4fef6ce9e064b1') in 0.046347 seconds 
========================================================================
Received Import Request.
  Time since last request: 877.023286 seconds.
  path: Assets/Standard Assets/2D/Prefabs/CharacterRobotBoy.prefab
  artifactKey: Guid(87a2357765801c34292d6718d8b4d770) Importer(815301076,1909f56bfc062723c751e8b465ee728b)
Start importing Assets/Standard Assets/2D/Prefabs/CharacterRobotBoy.prefab using Guid(87a2357765801c34292d6718d8b4d770) Importer(815301076,1909f56bfc062723c751e8b465ee728b)  -> (artifact id: '107d9acb9259c8eac6eb86a6ed6164b3') in 0.332267 seconds 
========================================================================
Received Import Request.
  Time since last request: 0.000064 seconds.
  path: Assets/Standard Assets/2D/Prefabs/Platform12x01.prefab
  artifactKey: Guid(0ce4cbc241d3aca4da0b94a0ffa0d51f) Importer(815301076,1909f56bfc062723c751e8b465ee728b)
Start importing Assets/Standard Assets/2D/Prefabs/Platform12x01.prefab using Guid(0ce4cbc241d3aca4da0b94a0ffa0d51f) Importer(815301076,1909f56bfc062723c751e8b465ee728b)  -> (artifact id: '485b4fc6ef05e8909201d6c624e52ddc') in 0.052458 seconds 
========================================================================
Received Import Request.
  Time since last request: 0.000058 seconds.
  path: Assets/Standard Assets/2D/Prefabs/Platform36x01.prefab
  artifactKey: Guid(d024aaa09f4080d448d16f62d1a97b0b) Importer(815301076,1909f56bfc062723c751e8b465ee728b)
Start importing Assets/Standard Assets/2D/Prefabs/Platform36x01.prefab using Guid(d024aaa09f4080d448d16f62d1a97b0b) Importer(815301076,1909f56bfc062723c751e8b465ee728b)  -> (artifact id: '7e60a095992a69d8345fa842f91a13ba') in 0.056399 seconds 
========================================================================
Received Import Request.
  Time since last request: 0.000047 seconds.
  path: Assets/Standard Assets/2D/Prefabs/CratePink.prefab
  artifactKey: Guid(18fcd494ab71841d695135246693eb3a) Importer(815301076,1909f56bfc062723c751e8b465ee728b)
Start importing Assets/Standard Assets/2D/Prefabs/CratePink.prefab using Guid(18fcd494ab71841d695135246693eb3a) Importer(815301076,1909f56bfc062723c751e8b465ee728b)  -> (artifact id: '779f34765caf69eb3b24b85fc75efe90') in 0.154600 seconds 
========================================================================
Received Prepare
Registering precompiled user dll's ...
Registered in 0.030905 seconds.
Begin MonoManager ReloadAssembly
Native extension for WindowsStandalone target not found
Native extension for WebGL target not found
Refreshing native plugins compatible for Editor in 3.58 ms, found 4 plugins.
Preloading 0 native plugins for Editor in 0.00 ms.
Mono: successfully reloaded assembly
- Completed reload, in  5.212 seconds
Domain Reload Profiling:
	ReloadAssembly (5215ms)
		BeginReloadAssembly (624ms)
			ExecutionOrderSort (0ms)
			DisableScriptedObjects (27ms)
			BackupInstance (0ms)
			ReleaseScriptingObjects (0ms)
			CreateAndSetChildDomain (129ms)
		EndReloadAssembly (4016ms)
			LoadAssemblies (452ms)
			RebuildTransferFunctionScriptingTraits (0ms)
			SetupTypeCache (1263ms)
			ReleaseScriptCaches (4ms)
			RebuildScriptCaches (241ms)
			SetupLoadedEditorAssemblies (1813ms)
				LogAssemblyErrors (0ms)
				InitializePlatformSupportModulesInManaged (74ms)
				SetLoadedEditorAssemblies (2ms)
				RefreshPlugins (4ms)
				BeforeProcessingInitializeOnLoad (398ms)
				ProcessInitializeOnLoadAttributes (1102ms)
				ProcessInitializeOnLoadMethodAttributes (181ms)
				AfterProcessingInitializeOnLoad (51ms)
				EditorAssembliesLoaded (1ms)
			ExecutionOrderSort2 (0ms)
			AwakeInstancesAfterBackupRestoration (44ms)
Platform modules already initialized, skipping
Refreshing native plugins compatible for Editor in 13.46 ms, found 4 plugins.
Preloading 0 native plugins for Editor in 0.00 ms.
Unloading 4237 Unused Serialized files (Serialized files now loaded: 0)
Unloading 34 unused Assets / (282.5 KB). Loaded Objects now: 4729.
Memory consumption went from 162.2 MB to 161.9 MB.
Total: 15.363100 ms (FindLiveObjects: 0.595800 ms CreateObjectMapping: 0.708400 ms MarkObjects: 13.621200 ms  DeleteObjects: 0.434800 ms)

AssetImportParameters requested are different than current active one (requested -> active):
  custom:video-decoder-ogg-theora: a1e56fd34408186e4bbccfd4996cb3dc -> 
  custom:container-muxer-webm: aa71ff27fc2769a1b78a27578f13a17b -> 
  custom:container-demuxer-webm: 4f35f7cbe854078d1ac9338744f61a02 -> 
  custom:video-encoder-webm-vp8: eb34c28f22e8b96e1ab97ce403110664 -> 
  custom:audio-encoder-webm-vorbis: bf7c407c2cedff20999df2af8eb42d56 -> 
  custom:framework-win-MediaFoundation: 216162199b28c13a410421893ffa2e32 -> 
  custom:container-demuxer-ogg: 62fdf1f143b41e24485cea50d1cbac27 -> 
  custom:video-decoder-webm-vp8: 9c59270c3fd7afecdb556c50c9e8de78 -> 
  custom:audio-decoder-ogg-vorbis: bf7c407c2cedff20999df2af8eb42d56 -> 
========================================================================
Received Prepare
Registering precompiled user dll's ...
Registered in 0.031837 seconds.
Begin MonoManager ReloadAssembly
Native extension for WindowsStandalone target not found
Native extension for WebGL target not found
Refreshing native plugins compatible for Editor in 2.94 ms, found 4 plugins.
Preloading 0 native plugins for Editor in 0.00 ms.
Mono: successfully reloaded assembly
- Completed reload, in  6.362 seconds
Domain Reload Profiling:
	ReloadAssembly (6365ms)
		BeginReloadAssembly (662ms)
			ExecutionOrderSort (0ms)
			DisableScriptedObjects (38ms)
			BackupInstance (0ms)
			ReleaseScriptingObjects (0ms)
			CreateAndSetChildDomain (170ms)
		EndReloadAssembly (5051ms)
			LoadAssemblies (498ms)
			RebuildTransferFunctionScriptingTraits (0ms)
			SetupTypeCache (1517ms)
			ReleaseScriptCaches (5ms)
			RebuildScriptCaches (432ms)
			SetupLoadedEditorAssemblies (2243ms)
				LogAssemblyErrors (0ms)
				InitializePlatformSupportModulesInManaged (81ms)
				SetLoadedEditorAssemblies (2ms)
				RefreshPlugins (3ms)
				BeforeProcessingInitializeOnLoad (501ms)
				ProcessInitializeOnLoadAttributes (1384ms)
				ProcessInitializeOnLoadMethodAttributes (216ms)
				AfterProcessingInitializeOnLoad (55ms)
				EditorAssembliesLoaded (1ms)
			ExecutionOrderSort2 (0ms)
			AwakeInstancesAfterBackupRestoration (46ms)
Platform modules already initialized, skipping
Refreshing native plugins compatible for Editor in 9.96 ms, found 4 plugins.
Preloading 0 native plugins for Editor in 0.00 ms.
Unloading 4237 Unused Serialized files (Serialized files now loaded: 0)
Unloading 34 unused Assets / (282.8 KB). Loaded Objects now: 4744.
Memory consumption went from 162.2 MB to 161.9 MB.
Total: 14.051300 ms (FindLiveObjects: 0.761200 ms CreateObjectMapping: 0.951300 ms MarkObjects: 11.897800 ms  DeleteObjects: 0.438400 ms)

AssetImportParameters requested are different than current active one (requested -> active):
  custom:video-decoder-ogg-theora: a1e56fd34408186e4bbccfd4996cb3dc -> 
  custom:container-muxer-webm: aa71ff27fc2769a1b78a27578f13a17b -> 
  custom:container-demuxer-webm: 4f35f7cbe854078d1ac9338744f61a02 -> 
  custom:video-encoder-webm-vp8: eb34c28f22e8b96e1ab97ce403110664 -> 
  custom:audio-encoder-webm-vorbis: bf7c407c2cedff20999df2af8eb42d56 -> 
  custom:framework-win-MediaFoundation: 216162199b28c13a410421893ffa2e32 -> 
  custom:container-demuxer-ogg: 62fdf1f143b41e24485cea50d1cbac27 -> 
  custom:video-decoder-webm-vp8: 9c59270c3fd7afecdb556c50c9e8de78 -> 
  custom:audio-decoder-ogg-vorbis: bf7c407c2cedff20999df2af8eb42d56 -> 
========================================================================
Received Prepare
Registering precompiled user dll's ...
Registered in 0.045013 seconds.
Begin MonoManager ReloadAssembly
Native extension for WindowsStandalone target not found
Native extension for WebGL target not found
Refreshing native plugins compatible for Editor in 3.10 ms, found 4 plugins.
Preloading 0 native plugins for Editor in 0.00 ms.
Mono: successfully reloaded assembly
- Completed reload, in  6.062 seconds
Domain Reload Profiling:
	ReloadAssembly (6065ms)
		BeginReloadAssembly (675ms)
			ExecutionOrderSort (0ms)
			DisableScriptedObjects (32ms)
			BackupInstance (0ms)
			ReleaseScriptingObjects (0ms)
			CreateAndSetChildDomain (160ms)
		EndReloadAssembly (4787ms)
			LoadAssemblies (479ms)
			RebuildTransferFunctionScriptingTraits (0ms)
			SetupTypeCache (1439ms)
			ReleaseScriptCaches (5ms)
			RebuildScriptCaches (328ms)
			SetupLoadedEditorAssemblies (2232ms)
				LogAssemblyErrors (0ms)
				InitializePlatformSupportModulesInManaged (113ms)
				SetLoadedEditorAssemblies (3ms)
				RefreshPlugins (4ms)
				BeforeProcessingInitializeOnLoad (492ms)
				ProcessInitializeOnLoadAttributes (1392ms)
				ProcessInitializeOnLoadMethodAttributes (186ms)
				AfterProcessingInitializeOnLoad (42ms)
				EditorAssembliesLoaded (1ms)
			ExecutionOrderSort2 (0ms)
			AwakeInstancesAfterBackupRestoration (37ms)
Platform modules already initialized, skipping
Refreshing native plugins compatible for Editor in 12.21 ms, found 4 plugins.
Preloading 0 native plugins for Editor in 0.00 ms.
Unloading 4237 Unused Serialized files (Serialized files now loaded: 0)
Unloading 34 unused Assets / (283.6 KB). Loaded Objects now: 4759.
Memory consumption went from 162.2 MB to 161.9 MB.
Total: 16.476800 ms (FindLiveObjects: 0.782000 ms CreateObjectMapping: 1.391900 ms MarkObjects: 13.582500 ms  DeleteObjects: 0.717400 ms)

AssetImportParameters requested are different than current active one (requested -> active):
  custom:video-decoder-ogg-theora: a1e56fd34408186e4bbccfd4996cb3dc -> 
  custom:container-muxer-webm: aa71ff27fc2769a1b78a27578f13a17b -> 
  custom:container-demuxer-webm: 4f35f7cbe854078d1ac9338744f61a02 -> 
  custom:video-encoder-webm-vp8: eb34c28f22e8b96e1ab97ce403110664 -> 
  custom:audio-encoder-webm-vorbis: bf7c407c2cedff20999df2af8eb42d56 -> 
  custom:framework-win-MediaFoundation: 216162199b28c13a410421893ffa2e32 -> 
  custom:container-demuxer-ogg: 62fdf1f143b41e24485cea50d1cbac27 -> 
  custom:video-decoder-webm-vp8: 9c59270c3fd7afecdb556c50c9e8de78 -> 
  custom:audio-decoder-ogg-vorbis: bf7c407c2cedff20999df2af8eb42d56 -> 
========================================================================
Received Import Request.
  Time since last request: 621.886451 seconds.
  path: Assets/Enemies/barnacle.png
  artifactKey: Guid(f238777e1303dd44a989972c9a23b40b) Importer(815301076,1909f56bfc062723c751e8b465ee728b)
Start importing Assets/Enemies/barnacle.png using Guid(f238777e1303dd44a989972c9a23b40b) Importer(815301076,1909f56bfc062723c751e8b465ee728b)  -> (artifact id: '97fe5533fa0d953e8e27ab9250de68f2') in 0.312763 seconds 
========================================================================
Received Import Request.
  Time since last request: 0.000049 seconds.
  path: Assets/Enemies/slimeGreen.png
  artifactKey: Guid(fc70215316f0d3b4098d9d315cc8b520) Importer(815301076,1909f56bfc062723c751e8b465ee728b)
Start importing Assets/Enemies/slimeGreen.png using Guid(fc70215316f0d3b4098d9d315cc8b520) Importer(815301076,1909f56bfc062723c751e8b465ee728b)  -> (artifact id: 'c0195319ef3e0a7def5514ec71560a45') in 0.082507 seconds 
========================================================================
Received Import Request.
  Time since last request: 0.000064 seconds.
  path: Assets/Enemies/saw_move.png
  artifactKey: Guid(24ee3f08dc6d27445ac9a49969b0f664) Importer(815301076,1909f56bfc062723c751e8b465ee728b)
Start importing Assets/Enemies/saw_move.png using Guid(24ee3f08dc6d27445ac9a49969b0f664) Importer(815301076,1909f56bfc062723c751e8b465ee728b)  -> (artifact id: '500b2eb95d62b0944f60703af59ad734') in 0.080679 seconds 
========================================================================
Received Import Request.
  Time since last request: 0.000053 seconds.
  path: Assets/Enemies/barnacle_dead.png
  artifactKey: Guid(c452535c40328f54dbe772cbcecb4eb1) Importer(815301076,1909f56bfc062723c751e8b465ee728b)
Start importing Assets/Enemies/barnacle_dead.png using Guid(c452535c40328f54dbe772cbcecb4eb1) Importer(815301076,1909f56bfc062723c751e8b465ee728b)  -> (artifact id: 'b2edac48395f683f8a9ed91574f2461b') in 0.076397 seconds 
========================================================================
Received Import Request.
  Time since last request: 0.000053 seconds.
  path: Assets/Enemies/slimeBlock_dead.png
  artifactKey: Guid(ee7f3a3b3bc199c4c9240f7d6f685b73) Importer(815301076,1909f56bfc062723c751e8b465ee728b)
Start importing Assets/Enemies/slimeBlock_dead.png using Guid(ee7f3a3b3bc199c4c9240f7d6f685b73) Importer(815301076,1909f56bfc062723c751e8b465ee728b)  -> (artifact id: 'e2814f66bf0ca49b4fb4213987351bef') in 0.068863 seconds 
========================================================================
Received Import Request.
  Time since last request: 0.000160 seconds.
  path: Assets/Enemies/wormGreen_dead.png
  artifactKey: Guid(9bbb3a8a15800c943aafad4db123d610) Importer(815301076,1909f56bfc062723c751e8b465ee728b)
Start importing Assets/Enemies/wormGreen_dead.png using Guid(9bbb3a8a15800c943aafad4db123d610) Importer(815301076,1909f56bfc062723c751e8b465ee728b)  -> (artifact id: 'a5d8a1e91c92a3f2477b086da164eeca') in 0.093274 seconds 
========================================================================
Received Import Request.
  Time since last request: 0.000074 seconds.
  path: Assets/Enemies/frog_dead.png
  artifactKey: Guid(91083d1e7c66db045b56a5416a36120a) Importer(815301076,1909f56bfc062723c751e8b465ee728b)
Start importing Assets/Enemies/frog_dead.png using Guid(91083d1e7c66db045b56a5416a36120a) Importer(815301076,1909f56bfc062723c751e8b465ee728b)  -> (artifact id: 'c23eecc277d01849e6ffb52aa6b9c714') in 0.085801 seconds 
========================================================================
Received Import Request.
  Time since last request: 0.000037 seconds.
  path: Assets/Enemies/fishPink_dead.png
  artifactKey: Guid(1c3acaf681fc8df4d9d3cb61700c790d) Importer(815301076,1909f56bfc062723c751e8b465ee728b)
Start importing Assets/Enemies/fishPink_dead.png using Guid(1c3acaf681fc8df4d9d3cb61700c790d) Importer(815301076,1909f56bfc062723c751e8b465ee728b)  -> (artifact id: 'c8ed9bfd4921453034dd1c286fd379e9') in 0.088947 seconds 
========================================================================
Received Import Request.
  Time since last request: 0.000052 seconds.
  path: Assets/Enemies/slimeBlue_move.png
  artifactKey: Guid(e2a18908c2998ad40812b62fc106290b) Importer(815301076,1909f56bfc062723c751e8b465ee728b)
Start importing Assets/Enemies/slimeBlue_move.png using Guid(e2a18908c2998ad40812b62fc106290b) Importer(815301076,1909f56bfc062723c751e8b465ee728b)  -> (artifact id: 'f2f054dda6518a1dbca7bf2f3fe7467a') in 0.066283 seconds 
========================================================================
Received Import Request.
  Time since last request: 0.000063 seconds.
  path: Assets/Enemies/fly_move.png
  artifactKey: Guid(0ca8a638c664d5449b65cf2a5ba42914) Importer(815301076,1909f56bfc062723c751e8b465ee728b)
Start importing Assets/Enemies/fly_move.png using Guid(0ca8a638c664d5449b65cf2a5ba42914) Importer(815301076,1909f56bfc062723c751e8b465ee728b)  -> (artifact id: '898996cdcd66fef6f48d4377de49f5aa') in 0.066719 seconds 
========================================================================
Received Import Request.
  Time since last request: 0.000047 seconds.
  path: Assets/Enemies/slimePurple_move.png
  artifactKey: Guid(aec852385d64809418d40a2282741bfe) Importer(815301076,1909f56bfc062723c751e8b465ee728b)
Start importing Assets/Enemies/slimePurple_move.png using Guid(aec852385d64809418d40a2282741bfe) Importer(815301076,1909f56bfc062723c751e8b465ee728b)  -> (artifact id: '2ae7c7db4935b920411538262ef238b0') in 0.085966 seconds 
========================================================================
Received Import Request.
  Time since last request: 0.000056 seconds.
  path: Assets/Enemies/slimeGreen_dead.png
  artifactKey: Guid(ff2102fe19d6c0d4f897d2339b8e24f9) Importer(815301076,1909f56bfc062723c751e8b465ee728b)
Start importing Assets/Enemies/slimeGreen_dead.png using Guid(ff2102fe19d6c0d4f897d2339b8e24f9) Importer(815301076,1909f56bfc062723c751e8b465ee728b)  -> (artifact id: '9a9b5af89493a1485d4ec0c8b08e2de4') in 0.078917 seconds 
========================================================================
Received Import Request.
  Time since last request: 0.000045 seconds.
  path: Assets/Enemies/slimePurple.png
  artifactKey: Guid(2b10b2a6ed84fb5479e428074ab6bf3a) Importer(815301076,1909f56bfc062723c751e8b465ee728b)
Start importing Assets/Enemies/slimePurple.png using Guid(2b10b2a6ed84fb5479e428074ab6bf3a) Importer(815301076,1909f56bfc062723c751e8b465ee728b)  -> (artifact id: '6ea2eb6b34922a6e820a4e12f9db8178') in 0.079974 seconds 
========================================================================
Received Import Request.
  Time since last request: 0.000066 seconds.
  path: Assets/Enemies/sawHalf_move.png
  artifactKey: Guid(4c666e4ac73a24845ae23a3e673975ca) Importer(815301076,1909f56bfc062723c751e8b465ee728b)
Start importing Assets/Enemies/sawHalf_move.png using Guid(4c666e4ac73a24845ae23a3e673975ca) Importer(815301076,1909f56bfc062723c751e8b465ee728b)  -> (artifact id: 'c4f75ddf9d10882599a9869e20de7291') in 0.071741 seconds 
========================================================================
Received Import Request.
  Time since last request: 0.000089 seconds.
  path: Assets/Enemies/ladybug.png
  artifactKey: Guid(3b2c598707a667f49855ee6a034ddda0) Importer(815301076,1909f56bfc062723c751e8b465ee728b)
Start importing Assets/Enemies/ladybug.png using Guid(3b2c598707a667f49855ee6a034ddda0) Importer(815301076,1909f56bfc062723c751e8b465ee728b)  -> (artifact id: '153e4716644d5677c22045f03e224046') in 0.091180 seconds 
========================================================================
Received Import Request.
  Time since last request: 0.000084 seconds.
  path: Assets/Enemies/fishGreen.png
  artifactKey: Guid(226f7ea050cf5c2428210eff858157f8) Importer(815301076,1909f56bfc062723c751e8b465ee728b)
Start importing Assets/Enemies/fishGreen.png using Guid(226f7ea050cf5c2428210eff858157f8) Importer(815301076,1909f56bfc062723c751e8b465ee728b)  -> (artifact id: 'b171bbee23ea9f95775deafd1b28b605') in 0.070615 seconds 
========================================================================
Received Import Request.
  Time since last request: 0.000070 seconds.
  path: Assets/Enemies/wormPink_move.png
  artifactKey: Guid(e9f46056af438b34abd57dcad4666de5) Importer(815301076,1909f56bfc062723c751e8b465ee728b)
Start importing Assets/Enemies/wormPink_move.png using Guid(e9f46056af438b34abd57dcad4666de5) Importer(815301076,1909f56bfc062723c751e8b465ee728b)  -> (artifact id: 'fe7de12f16aff869f22152bc85196681') in 0.078433 seconds 
========================================================================
Received Import Request.
  Time since last request: 0.000044 seconds.
  path: Assets/Enemies/slimeBlock.png
  artifactKey: Guid(c0cffd0b557b7d34a9a1f28070a8aa22) Importer(815301076,1909f56bfc062723c751e8b465ee728b)
Start importing Assets/Enemies/slimeBlock.png using Guid(c0cffd0b557b7d34a9a1f28070a8aa22) Importer(815301076,1909f56bfc062723c751e8b465ee728b)  -> (artifact id: '9c636f6be800010fd3009b9abe4da337') in 0.061396 seconds 
========================================================================
Received Import Request.
  Time since last request: 0.000050 seconds.
  path: Assets/Enemies/slimeBlue_dead.png
  artifactKey: Guid(b779dc617217f5a40ac25018a927cde5) Importer(815301076,1909f56bfc062723c751e8b465ee728b)
Start importing Assets/Enemies/slimeBlue_dead.png using Guid(b779dc617217f5a40ac25018a927cde5) Importer(815301076,1909f56bfc062723c751e8b465ee728b)  -> (artifact id: '29fe82b99226f01bf502e4e5421c8833') in 0.084122 seconds 
========================================================================
Received Import Request.
  Time since last request: 0.000058 seconds.
  path: Assets/Enemies/bee_dead.png
  artifactKey: Guid(fbdb61810b7b8b04f85f2b9c7efafc71) Importer(815301076,1909f56bfc062723c751e8b465ee728b)
Start importing Assets/Enemies/bee_dead.png using Guid(fbdb61810b7b8b04f85f2b9c7efafc71) Importer(815301076,1909f56bfc062723c751e8b465ee728b)  -> (artifact id: '6676a3b885584d8075cd890807e37070') in 0.087478 seconds 
========================================================================
Received Import Request.
  Time since last request: 0.000067 seconds.
  path: Assets/Enemies/fishPink.png
  artifactKey: Guid(fbed283e0fa54864395ce9b2ffdc87dd) Importer(815301076,1909f56bfc062723c751e8b465ee728b)
Start importing Assets/Enemies/fishPink.png using Guid(fbed283e0fa54864395ce9b2ffdc87dd) Importer(815301076,1909f56bfc062723c751e8b465ee728b)  -> (artifact id: 'fd011393635dd11e361c68e1abafe6ef') in 0.074500 seconds 
========================================================================
Received Import Request.
  Time since last request: 0.000077 seconds.
  path: Assets/Enemies/fishPink_move.png
  artifactKey: Guid(bfdf10d7bdabc5f4e8261c499e695b7d) Importer(815301076,1909f56bfc062723c751e8b465ee728b)
Start importing Assets/Enemies/fishPink_move.png using Guid(bfdf10d7bdabc5f4e8261c499e695b7d) Importer(815301076,1909f56bfc062723c751e8b465ee728b)  -> (artifact id: 'efe335517eaa175d362a256fdcff028d') in 0.075254 seconds 
========================================================================
Received Import Request.
  Time since last request: 0.000064 seconds.
  path: Assets/Enemies/frog.png
  artifactKey: Guid(0ddcf09d909d55c488daea863db3177c) Importer(815301076,1909f56bfc062723c751e8b465ee728b)
Start importing Assets/Enemies/frog.png using Guid(0ddcf09d909d55c488daea863db3177c) Importer(815301076,1909f56bfc062723c751e8b465ee728b)  -> (artifact id: '19575af5e8f2e3ce11e27458dbae97f2') in 0.062790 seconds 
========================================================================
Received Import Request.
  Time since last request: 0.000054 seconds.
  path: Assets/Enemies/mouse_move.png
  artifactKey: Guid(5647e95894c49824d860892b1657a9cd) Importer(815301076,1909f56bfc062723c751e8b465ee728b)
Start importing Assets/Enemies/mouse_move.png using Guid(5647e95894c49824d860892b1657a9cd) Importer(815301076,1909f56bfc062723c751e8b465ee728b)  -> (artifact id: '316028fc152b3155b374570bf4eb9529') in 0.065621 seconds 
========================================================================
Received Import Request.
  Time since last request: 0.000118 seconds.
  path: Assets/Enemies/fishGreen_move.png
  artifactKey: Guid(4fa5f5940fbfd6249bc5e4eec6962958) Importer(815301076,1909f56bfc062723c751e8b465ee728b)
Start importing Assets/Enemies/fishGreen_move.png using Guid(4fa5f5940fbfd6249bc5e4eec6962958) Importer(815301076,1909f56bfc062723c751e8b465ee728b)  -> (artifact id: 'ed5263f48b90a6df2cabba015b4c6c13') in 0.066514 seconds 
========================================================================
Received Import Request.
  Time since last request: 0.000048 seconds.
  path: Assets/Enemies/saw_dead.png
  artifactKey: Guid(e6b32f4b59a9daa4992e317885610512) Importer(815301076,1909f56bfc062723c751e8b465ee728b)
Start importing Assets/Enemies/saw_dead.png using Guid(e6b32f4b59a9daa4992e317885610512) Importer(815301076,1909f56bfc062723c751e8b465ee728b)  -> (artifact id: '399cc30a7ddc9b0d038fa07b37176b57') in 0.067735 seconds 
========================================================================
Received Import Request.
  Time since last request: 0.000086 seconds.
  path: Assets/Enemies/snail_shell.png
  artifactKey: Guid(6427cee37b828b746b91d6f1f37698b1) Importer(815301076,1909f56bfc062723c751e8b465ee728b)
Start importing Assets/Enemies/snail_shell.png using Guid(6427cee37b828b746b91d6f1f37698b1) Importer(815301076,1909f56bfc062723c751e8b465ee728b)  -> (artifact id: '8d463e35c4006af6d9625ae30d234aab') in 0.062969 seconds 
========================================================================
Received Import Request.
  Time since last request: 0.000053 seconds.
  path: Assets/Enemies/slimeGreen_hit.png
  artifactKey: Guid(9bff48d045784494d920b58b7de55af2) Importer(815301076,1909f56bfc062723c751e8b465ee728b)
Start importing Assets/Enemies/slimeGreen_hit.png using Guid(9bff48d045784494d920b58b7de55af2) Importer(815301076,1909f56bfc062723c751e8b465ee728b)  -> (artifact id: 'd77488312e34e42a2bca7439d84498e4') in 0.069649 seconds 
========================================================================
Received Import Request.
  Time since last request: 0.000063 seconds.
  path: Assets/Enemies/fly.png
  artifactKey: Guid(e425fce6f197ea24ebc738c1e690aad1) Importer(815301076,1909f56bfc062723c751e8b465ee728b)
Start importing Assets/Enemies/fly.png using Guid(e425fce6f197ea24ebc738c1e690aad1) Importer(815301076,1909f56bfc062723c751e8b465ee728b)  -> (artifact id: 'c85b48e5490623cbe1a10bfdb64e5cd1') in 0.077177 seconds 
========================================================================
Received Import Request.
  Time since last request: 17.973944 seconds.
  path: Assets/Enemies
  artifactKey: Guid(d6c50c86755469d4a965c87e54ac8013) Importer(815301076,1909f56bfc062723c751e8b465ee728b)
Start importing Assets/Enemies using Guid(d6c50c86755469d4a965c87e54ac8013) Importer(815301076,1909f56bfc062723c751e8b465ee728b)  -> (artifact id: '181ed91f57e21f2c6a7c0c936d2682aa') in 0.016132 seconds 
========================================================================
Received Import Request.
  Time since last request: 63.058881 seconds.
  path: ProjectSettings/TagManager.asset
  artifactKey: Guid(00000000000000003000000000000000) Importer(815301076,1909f56bfc062723c751e8b465ee728b)
Start importing ProjectSettings/TagManager.asset using Guid(00000000000000003000000000000000) Importer(815301076,1909f56bfc062723c751e8b465ee728b)  -> (artifact id: '5f74b9f0782f3ffe8a654b2b60a9f33c') in 0.102113 seconds 
========================================================================
Received Import Request.
  Time since last request: 42.914469 seconds.
  path: ProjectSettings/TagManager.asset
  artifactKey: Guid(00000000000000003000000000000000) Importer(815301076,1909f56bfc062723c751e8b465ee728b)
Start importing ProjectSettings/TagManager.asset using Guid(00000000000000003000000000000000) Importer(815301076,1909f56bfc062723c751e8b465ee728b)  -> (artifact id: '4fd7a17164e94aebf7ee71203dae2628') in 0.006654 seconds 
========================================================================
Received Import Request.
  Time since last request: 127.018365 seconds.
  path: Assets/Ground/Sand/sandLeft.png
  artifactKey: Guid(73ad595e9dd645f4db7823837bf19700) Importer(815301076,1909f56bfc062723c751e8b465ee728b)
Start importing Assets/Ground/Sand/sandLeft.png using Guid(73ad595e9dd645f4db7823837bf19700) Importer(815301076,1909f56bfc062723c751e8b465ee728b)  -> (artifact id: 'df56f30f1d2df68eec7ebf07c73f5036') in 0.080097 seconds 
========================================================================
Received Prepare
Registering precompiled user dll's ...
Registered in 0.033720 seconds.
Begin MonoManager ReloadAssembly
Native extension for WindowsStandalone target not found
Native extension for WebGL target not found
Refreshing native plugins compatible for Editor in 2.76 ms, found 4 plugins.
Preloading 0 native plugins for Editor in 0.00 ms.
Mono: successfully reloaded assembly
- Completed reload, in  5.226 seconds
Domain Reload Profiling:
	ReloadAssembly (5229ms)
		BeginReloadAssembly (550ms)
			ExecutionOrderSort (0ms)
			DisableScriptedObjects (20ms)
			BackupInstance (0ms)
			ReleaseScriptingObjects (0ms)
			CreateAndSetChildDomain (143ms)
		EndReloadAssembly (4175ms)
			LoadAssemblies (426ms)
			RebuildTransferFunctionScriptingTraits (0ms)
			SetupTypeCache (1250ms)
			ReleaseScriptCaches (5ms)
			RebuildScriptCaches (363ms)
			SetupLoadedEditorAssemblies (1809ms)
				LogAssemblyErrors (0ms)
				InitializePlatformSupportModulesInManaged (68ms)
				SetLoadedEditorAssemblies (2ms)
				RefreshPlugins (3ms)
				BeforeProcessingInitializeOnLoad (379ms)
				ProcessInitializeOnLoadAttributes (1144ms)
				ProcessInitializeOnLoadMethodAttributes (169ms)
				AfterProcessingInitializeOnLoad (42ms)
				EditorAssembliesLoaded (1ms)
			ExecutionOrderSort2 (0ms)
			AwakeInstancesAfterBackupRestoration (31ms)
Platform modules already initialized, skipping
Refreshing native plugins compatible for Editor in 11.08 ms, found 4 plugins.
Preloading 0 native plugins for Editor in 0.00 ms.
Unloading 4237 Unused Serialized files (Serialized files now loaded: 0)
Unloading 36 unused Assets / (282.5 KB). Loaded Objects now: 4774.
Memory consumption went from 162.3 MB to 162.0 MB.
Total: 13.252300 ms (FindLiveObjects: 0.537600 ms CreateObjectMapping: 0.438500 ms MarkObjects: 11.818300 ms  DeleteObjects: 0.455200 ms)

AssetImportParameters requested are different than current active one (requested -> active):
  custom:video-decoder-ogg-theora: a1e56fd34408186e4bbccfd4996cb3dc -> 
  custom:container-muxer-webm: aa71ff27fc2769a1b78a27578f13a17b -> 
  custom:container-demuxer-webm: 4f35f7cbe854078d1ac9338744f61a02 -> 
  custom:video-encoder-webm-vp8: eb34c28f22e8b96e1ab97ce403110664 -> 
  custom:audio-encoder-webm-vorbis: bf7c407c2cedff20999df2af8eb42d56 -> 
  custom:framework-win-MediaFoundation: 216162199b28c13a410421893ffa2e32 -> 
  custom:container-demuxer-ogg: 62fdf1f143b41e24485cea50d1cbac27 -> 
  custom:video-decoder-webm-vp8: 9c59270c3fd7afecdb556c50c9e8de78 -> 
  custom:audio-decoder-ogg-vorbis: bf7c407c2cedff20999df2af8eb42d56 -> 
========================================================================
Received Import Request.
  Time since last request: 855.457486 seconds.
  path: Assets/New Custom Render Texture.asset
  artifactKey: Guid(3f86a36478714b64b8fc90a2ad33f6b5) Importer(815301076,1909f56bfc062723c751e8b465ee728b)
Start importing Assets/New Custom Render Texture.asset using Guid(3f86a36478714b64b8fc90a2ad33f6b5) Importer(815301076,1909f56bfc062723c751e8b465ee728b)  -> (artifact id: 'abe9c6a277c5c49960cbce0fbdc8af46') in 0.454653 seconds 
========================================================================
Received Import Request.
  Time since last request: 11.474089 seconds.
  path: Assets/Scripts
  artifactKey: Guid(bb5de06847fedf2488b8ed9cebc9a869) Importer(815301076,1909f56bfc062723c751e8b465ee728b)
Start importing Assets/Scripts using Guid(bb5de06847fedf2488b8ed9cebc9a869) Importer(815301076,1909f56bfc062723c751e8b465ee728b)  -> (artifact id: '8dec5dfadf07da0e0d437228b53a2c9a') in 0.094926 seconds 
========================================================================
Received Import Request.
  Time since last request: 11.808699 seconds.
  path: Assets/Scripts/EnemyReaction.cs
  artifactKey: Guid(b5240fd59fd6d6b46a036bcd2d6f3b58) Importer(815301076,1909f56bfc062723c751e8b465ee728b)
Start importing Assets/Scripts/EnemyReaction.cs using Guid(b5240fd59fd6d6b46a036bcd2d6f3b58) Importer(815301076,1909f56bfc062723c751e8b465ee728b)  -> (artifact id: 'd612141147e923e9e55f6a34345dd818') in 0.253250 seconds 
========================================================================
Received Prepare
Registering precompiled user dll's ...
Registered in 0.040786 seconds.
Begin MonoManager ReloadAssembly
Native extension for WindowsStandalone target not found
Native extension for WebGL target not found
Refreshing native plugins compatible for Editor in 3.25 ms, found 4 plugins.
Preloading 0 native plugins for Editor in 0.00 ms.
Mono: successfully reloaded assembly
- Completed reload, in 10.001 seconds
Domain Reload Profiling:
	ReloadAssembly (10004ms)
		BeginReloadAssembly (1927ms)
			ExecutionOrderSort (0ms)
			DisableScriptedObjects (54ms)
			BackupInstance (0ms)
			ReleaseScriptingObjects (0ms)
			CreateAndSetChildDomain (198ms)
		EndReloadAssembly (6492ms)
			LoadAssemblies (1674ms)
			RebuildTransferFunctionScriptingTraits (0ms)
			SetupTypeCache (1892ms)
			ReleaseScriptCaches (7ms)
			RebuildScriptCaches (429ms)
			SetupLoadedEditorAssemblies (3450ms)
				LogAssemblyErrors (0ms)
				InitializePlatformSupportModulesInManaged (75ms)
				SetLoadedEditorAssemblies (2ms)
				RefreshPlugins (3ms)
				BeforeProcessingInitializeOnLoad (955ms)
				ProcessInitializeOnLoadAttributes (1934ms)
				ProcessInitializeOnLoadMethodAttributes (416ms)
				AfterProcessingInitializeOnLoad (64ms)
				EditorAssembliesLoaded (1ms)
			ExecutionOrderSort2 (0ms)
			AwakeInstancesAfterBackupRestoration (39ms)
Platform modules already initialized, skipping
Refreshing native plugins compatible for Editor in 15.79 ms, found 4 plugins.
Preloading 0 native plugins for Editor in 0.00 ms.
Unloading 4238 Unused Serialized files (Serialized files now loaded: 0)
Unloading 34 unused Assets / (282.7 KB). Loaded Objects now: 4792.
Memory consumption went from 162.4 MB to 162.1 MB.
Total: 13.107300 ms (FindLiveObjects: 0.750400 ms CreateObjectMapping: 0.566600 ms MarkObjects: 11.348300 ms  DeleteObjects: 0.439300 ms)

AssetImportParameters requested are different than current active one (requested -> active):
  custom:video-decoder-ogg-theora: a1e56fd34408186e4bbccfd4996cb3dc -> 
  custom:container-muxer-webm: aa71ff27fc2769a1b78a27578f13a17b -> 
  custom:container-demuxer-webm: 4f35f7cbe854078d1ac9338744f61a02 -> 
  custom:video-encoder-webm-vp8: eb34c28f22e8b96e1ab97ce403110664 -> 
  custom:audio-encoder-webm-vorbis: bf7c407c2cedff20999df2af8eb42d56 -> 
  custom:framework-win-MediaFoundation: 216162199b28c13a410421893ffa2e32 -> 
  custom:container-demuxer-ogg: 62fdf1f143b41e24485cea50d1cbac27 -> 
  custom:video-decoder-webm-vp8: 9c59270c3fd7afecdb556c50c9e8de78 -> 
  custom:audio-decoder-ogg-vorbis: bf7c407c2cedff20999df2af8eb42d56 -> 
========================================================================
Received Prepare
Registering precompiled user dll's ...
Registered in 0.056889 seconds.
Begin MonoManager ReloadAssembly
Native extension for WindowsStandalone target not found
Native extension for WebGL target not found
Refreshing native plugins compatible for Editor in 2.43 ms, found 4 plugins.
Preloading 0 native plugins for Editor in 0.00 ms.
Mono: successfully reloaded assembly
- Completed reload, in  4.192 seconds
Domain Reload Profiling:
	ReloadAssembly (4194ms)
		BeginReloadAssembly (417ms)
			ExecutionOrderSort (0ms)
			DisableScriptedObjects (20ms)
			BackupInstance (0ms)
			ReleaseScriptingObjects (0ms)
			CreateAndSetChildDomain (110ms)
		EndReloadAssembly (3414ms)
			LoadAssemblies (319ms)
			RebuildTransferFunctionScriptingTraits (0ms)
			SetupTypeCache (1144ms)
			ReleaseScriptCaches (3ms)
			RebuildScriptCaches (236ms)
			SetupLoadedEditorAssemblies (1451ms)
				LogAssemblyErrors (0ms)
				InitializePlatformSupportModulesInManaged (57ms)
				SetLoadedEditorAssemblies (2ms)
				RefreshPlugins (3ms)
				BeforeProcessingInitializeOnLoad (332ms)
				ProcessInitializeOnLoadAttributes (885ms)
				ProcessInitializeOnLoadMethodAttributes (139ms)
				AfterProcessingInitializeOnLoad (32ms)
				EditorAssembliesLoaded (1ms)
			ExecutionOrderSort2 (0ms)
			AwakeInstancesAfterBackupRestoration (32ms)
Platform modules already initialized, skipping
Refreshing native plugins compatible for Editor in 7.74 ms, found 4 plugins.
Preloading 0 native plugins for Editor in 0.00 ms.
Unloading 4238 Unused Serialized files (Serialized files now loaded: 0)
Unloading 34 unused Assets / (282.7 KB). Loaded Objects now: 4807.
Memory consumption went from 162.4 MB to 162.1 MB.
Total: 9.423000 ms (FindLiveObjects: 0.628500 ms CreateObjectMapping: 0.560200 ms MarkObjects: 7.772000 ms  DeleteObjects: 0.459600 ms)

AssetImportParameters requested are different than current active one (requested -> active):
  custom:video-decoder-ogg-theora: a1e56fd34408186e4bbccfd4996cb3dc -> 
  custom:container-muxer-webm: aa71ff27fc2769a1b78a27578f13a17b -> 
  custom:container-demuxer-webm: 4f35f7cbe854078d1ac9338744f61a02 -> 
  custom:video-encoder-webm-vp8: eb34c28f22e8b96e1ab97ce403110664 -> 
  custom:audio-encoder-webm-vorbis: bf7c407c2cedff20999df2af8eb42d56 -> 
  custom:framework-win-MediaFoundation: 216162199b28c13a410421893ffa2e32 -> 
  custom:container-demuxer-ogg: 62fdf1f143b41e24485cea50d1cbac27 -> 
  custom:video-decoder-webm-vp8: 9c59270c3fd7afecdb556c50c9e8de78 -> 
  custom:audio-decoder-ogg-vorbis: bf7c407c2cedff20999df2af8eb42d56 -> 
========================================================================
Received Import Request.
  Time since last request: 174.651584 seconds.
  path: Assets/Scenes
  artifactKey: Guid(131a6b21c8605f84396be9f6751fb6e3) Importer(815301076,1909f56bfc062723c751e8b465ee728b)
Start importing Assets/Scenes using Guid(131a6b21c8605f84396be9f6751fb6e3) Importer(815301076,1909f56bfc062723c751e8b465ee728b)  -> (artifact id: '2c23e514d24f6b65fe96946cd87fc526') in 0.027700 seconds 
========================================================================
Received Import Request.
  Time since last request: 26.823351 seconds.
  path: Assets/Scenes/SampleScene.unity
  artifactKey: Guid(2cda990e2423bbf4892e6590ba056729) Importer(815301076,1909f56bfc062723c751e8b465ee728b)
Start importing Assets/Scenes/SampleScene.unity using Guid(2cda990e2423bbf4892e6590ba056729) Importer(815301076,1909f56bfc062723c751e8b465ee728b)  -> (artifact id: '3e3599bcfb1eb38e1ae0c2a6562239df') in 0.019145 seconds 
========================================================================
Received Prepare
Registering precompiled user dll's ...
Registered in 0.031613 seconds.
Begin MonoManager ReloadAssembly
Native extension for WindowsStandalone target not found
Native extension for WebGL target not found
Refreshing native plugins compatible for Editor in 2.80 ms, found 4 plugins.
Preloading 0 native plugins for Editor in 0.00 ms.
Mono: successfully reloaded assembly
- Completed reload, in  4.939 seconds
Domain Reload Profiling:
	ReloadAssembly (4942ms)
		BeginReloadAssembly (581ms)
			ExecutionOrderSort (0ms)
			DisableScriptedObjects (21ms)
			BackupInstance (0ms)
			ReleaseScriptingObjects (0ms)
			CreateAndSetChildDomain (164ms)
		EndReloadAssembly (3881ms)
			LoadAssemblies (373ms)
			RebuildTransferFunctionScriptingTraits (0ms)
			SetupTypeCache (1116ms)
			ReleaseScriptCaches (4ms)
			RebuildScriptCaches (320ms)
			SetupLoadedEditorAssemblies (1733ms)
				LogAssemblyErrors (0ms)
				InitializePlatformSupportModulesInManaged (60ms)
				SetLoadedEditorAssemblies (2ms)
				RefreshPlugins (3ms)
				BeforeProcessingInitializeOnLoad (361ms)
				ProcessInitializeOnLoadAttributes (1051ms)
				ProcessInitializeOnLoadMethodAttributes (212ms)
				AfterProcessingInitializeOnLoad (42ms)
				EditorAssembliesLoaded (1ms)
			ExecutionOrderSort2 (0ms)
			AwakeInstancesAfterBackupRestoration (39ms)
Platform modules already initialized, skipping
Refreshing native plugins compatible for Editor in 11.74 ms, found 4 plugins.
Preloading 0 native plugins for Editor in 0.00 ms.
Unloading 4238 Unused Serialized files (Serialized files now loaded: 0)
Unloading 34 unused Assets / (282.5 KB). Loaded Objects now: 4822.
Memory consumption went from 162.4 MB to 162.1 MB.
Total: 10.115500 ms (FindLiveObjects: 0.864200 ms CreateObjectMapping: 0.623300 ms MarkObjects: 8.062700 ms  DeleteObjects: 0.562600 ms)

AssetImportParameters requested are different than current active one (requested -> active):
  custom:video-decoder-ogg-theora: a1e56fd34408186e4bbccfd4996cb3dc -> 
  custom:container-muxer-webm: aa71ff27fc2769a1b78a27578f13a17b -> 
  custom:container-demuxer-webm: 4f35f7cbe854078d1ac9338744f61a02 -> 
  custom:video-encoder-webm-vp8: eb34c28f22e8b96e1ab97ce403110664 -> 
  custom:audio-encoder-webm-vorbis: bf7c407c2cedff20999df2af8eb42d56 -> 
  custom:framework-win-MediaFoundation: 216162199b28c13a410421893ffa2e32 -> 
  custom:container-demuxer-ogg: 62fdf1f143b41e24485cea50d1cbac27 -> 
  custom:video-decoder-webm-vp8: 9c59270c3fd7afecdb556c50c9e8de78 -> 
  custom:audio-decoder-ogg-vorbis: bf7c407c2cedff20999df2af8eb42d56 -> 
========================================================================
Received Prepare
Registering precompiled user dll's ...
Registered in 0.026908 seconds.
Begin MonoManager ReloadAssembly
Native extension for WindowsStandalone target not found
Native extension for WebGL target not found
Refreshing native plugins compatible for Editor in 3.39 ms, found 4 plugins.
Preloading 0 native plugins for Editor in 0.00 ms.
Mono: successfully reloaded assembly
- Completed reload, in  4.549 seconds
Domain Reload Profiling:
	ReloadAssembly (4551ms)
		BeginReloadAssembly (436ms)
			ExecutionOrderSort (0ms)
			DisableScriptedObjects (24ms)
			BackupInstance (0ms)
			ReleaseScriptingObjects (0ms)
			CreateAndSetChildDomain (104ms)
		EndReloadAssembly (3720ms)
			LoadAssemblies (366ms)
			RebuildTransferFunctionScriptingTraits (0ms)
			SetupTypeCache (1086ms)
			ReleaseScriptCaches (5ms)
			RebuildScriptCaches (305ms)
			SetupLoadedEditorAssemblies (1575ms)
				LogAssemblyErrors (0ms)
				InitializePlatformSupportModulesInManaged (50ms)
				SetLoadedEditorAssemblies (5ms)
				RefreshPlugins (4ms)
				BeforeProcessingInitializeOnLoad (344ms)
				ProcessInitializeOnLoadAttributes (990ms)
				ProcessInitializeOnLoadMethodAttributes (151ms)
				AfterProcessingInitializeOnLoad (30ms)
				EditorAssembliesLoaded (1ms)
			ExecutionOrderSort2 (0ms)
			AwakeInstancesAfterBackupRestoration (33ms)
Platform modules already initialized, skipping
Refreshing native plugins compatible for Editor in 11.41 ms, found 4 plugins.
Preloading 0 native plugins for Editor in 0.00 ms.
Unloading 4238 Unused Serialized files (Serialized files now loaded: 0)
Unloading 34 unused Assets / (282.7 KB). Loaded Objects now: 4837.
Memory consumption went from 162.4 MB to 162.1 MB.
Total: 14.391400 ms (FindLiveObjects: 0.760800 ms CreateObjectMapping: 0.508800 ms MarkObjects: 12.739100 ms  DeleteObjects: 0.379200 ms)

AssetImportParameters requested are different than current active one (requested -> active):
  custom:video-decoder-ogg-theora: a1e56fd34408186e4bbccfd4996cb3dc -> 
  custom:container-muxer-webm: aa71ff27fc2769a1b78a27578f13a17b -> 
  custom:container-demuxer-webm: 4f35f7cbe854078d1ac9338744f61a02 -> 
  custom:video-encoder-webm-vp8: eb34c28f22e8b96e1ab97ce403110664 -> 
  custom:audio-encoder-webm-vorbis: bf7c407c2cedff20999df2af8eb42d56 -> 
  custom:framework-win-MediaFoundation: 216162199b28c13a410421893ffa2e32 -> 
  custom:container-demuxer-ogg: 62fdf1f143b41e24485cea50d1cbac27 -> 
  custom:video-decoder-webm-vp8: 9c59270c3fd7afecdb556c50c9e8de78 -> 
  custom:audio-decoder-ogg-vorbis: bf7c407c2cedff20999df2af8eb42d56 -> 
========================================================================
Received Prepare
Registering precompiled user dll's ...
Registered in 0.029825 seconds.
Begin MonoManager ReloadAssembly
Native extension for WindowsStandalone target not found
Native extension for WebGL target not found
Refreshing native plugins compatible for Editor in 3.56 ms, found 4 plugins.
Preloading 0 native plugins for Editor in 0.00 ms.
Mono: successfully reloaded assembly
- Completed reload, in  4.533 seconds
Domain Reload Profiling:
	ReloadAssembly (4535ms)
		BeginReloadAssembly (447ms)
			ExecutionOrderSort (0ms)
			DisableScriptedObjects (23ms)
			BackupInstance (0ms)
			ReleaseScriptingObjects (0ms)
			CreateAndSetChildDomain (105ms)
		EndReloadAssembly (3664ms)
			LoadAssemblies (313ms)
			RebuildTransferFunctionScriptingTraits (0ms)
			SetupTypeCache (1062ms)
			ReleaseScriptCaches (4ms)
			RebuildScriptCaches (421ms)
			SetupLoadedEditorAssemblies (1547ms)
				LogAssemblyErrors (0ms)
				InitializePlatformSupportModulesInManaged (58ms)
				SetLoadedEditorAssemblies (3ms)
				RefreshPlugins (4ms)
				BeforeProcessingInitializeOnLoad (332ms)
				ProcessInitializeOnLoadAttributes (956ms)
				ProcessInitializeOnLoadMethodAttributes (161ms)
				AfterProcessingInitializeOnLoad (32ms)
				EditorAssembliesLoaded (1ms)
			ExecutionOrderSort2 (0ms)
			AwakeInstancesAfterBackupRestoration (35ms)
Platform modules already initialized, skipping
Refreshing native plugins compatible for Editor in 11.36 ms, found 4 plugins.
Preloading 0 native plugins for Editor in 0.00 ms.
Unloading 4238 Unused Serialized files (Serialized files now loaded: 0)
Unloading 34 unused Assets / (283.7 KB). Loaded Objects now: 4852.
Memory consumption went from 162.4 MB to 162.2 MB.
Total: 12.313100 ms (FindLiveObjects: 1.050300 ms CreateObjectMapping: 1.150700 ms MarkObjects: 9.756100 ms  DeleteObjects: 0.343200 ms)

AssetImportParameters requested are different than current active one (requested -> active):
  custom:video-decoder-ogg-theora: a1e56fd34408186e4bbccfd4996cb3dc -> 
  custom:container-muxer-webm: aa71ff27fc2769a1b78a27578f13a17b -> 
  custom:container-demuxer-webm: 4f35f7cbe854078d1ac9338744f61a02 -> 
  custom:video-encoder-webm-vp8: eb34c28f22e8b96e1ab97ce403110664 -> 
  custom:audio-encoder-webm-vorbis: bf7c407c2cedff20999df2af8eb42d56 -> 
  custom:framework-win-MediaFoundation: 216162199b28c13a410421893ffa2e32 -> 
  custom:container-demuxer-ogg: 62fdf1f143b41e24485cea50d1cbac27 -> 
  custom:video-decoder-webm-vp8: 9c59270c3fd7afecdb556c50c9e8de78 -> 
  custom:audio-decoder-ogg-vorbis: bf7c407c2cedff20999df2af8eb42d56 -> 
========================================================================
Received Prepare
Registering precompiled user dll's ...
Registered in 0.033503 seconds.
Begin MonoManager ReloadAssembly
Native extension for WindowsStandalone target not found
Native extension for WebGL target not found
Refreshing native plugins compatible for Editor in 4.56 ms, found 4 plugins.
Preloading 0 native plugins for Editor in 0.00 ms.
Mono: successfully reloaded assembly
- Completed reload, in  4.882 seconds
Domain Reload Profiling:
	ReloadAssembly (4884ms)
		BeginReloadAssembly (410ms)
			ExecutionOrderSort (0ms)
			DisableScriptedObjects (17ms)
			BackupInstance (0ms)
			ReleaseScriptingObjects (0ms)
			CreateAndSetChildDomain (84ms)
		EndReloadAssembly (4022ms)
			LoadAssemblies (325ms)
			RebuildTransferFunctionScriptingTraits (0ms)
			SetupTypeCache (1175ms)
			ReleaseScriptCaches (11ms)
			RebuildScriptCaches (392ms)
			SetupLoadedEditorAssemblies (1689ms)
				LogAssemblyErrors (0ms)
				InitializePlatformSupportModulesInManaged (87ms)
				SetLoadedEditorAssemblies (5ms)
				RefreshPlugins (5ms)
				BeforeProcessingInitializeOnLoad (425ms)
				ProcessInitializeOnLoadAttributes (974ms)
				ProcessInitializeOnLoadMethodAttributes (152ms)
				AfterProcessingInitializeOnLoad (40ms)
				EditorAssembliesLoaded (1ms)
			ExecutionOrderSort2 (0ms)
			AwakeInstancesAfterBackupRestoration (39ms)
Platform modules already initialized, skipping
Refreshing native plugins compatible for Editor in 11.61 ms, found 4 plugins.
Preloading 0 native plugins for Editor in 0.00 ms.
Unloading 4238 Unused Serialized files (Serialized files now loaded: 0)
Unloading 34 unused Assets / (282.7 KB). Loaded Objects now: 4867.
Memory consumption went from 162.4 MB to 162.2 MB.
Total: 8.188100 ms (FindLiveObjects: 0.570500 ms CreateObjectMapping: 0.535800 ms MarkObjects: 6.524900 ms  DeleteObjects: 0.554600 ms)

AssetImportParameters requested are different than current active one (requested -> active):
  custom:video-decoder-ogg-theora: a1e56fd34408186e4bbccfd4996cb3dc -> 
  custom:container-muxer-webm: aa71ff27fc2769a1b78a27578f13a17b -> 
  custom:container-demuxer-webm: 4f35f7cbe854078d1ac9338744f61a02 -> 
  custom:video-encoder-webm-vp8: eb34c28f22e8b96e1ab97ce403110664 -> 
  custom:audio-encoder-webm-vorbis: bf7c407c2cedff20999df2af8eb42d56 -> 
  custom:framework-win-MediaFoundation: 216162199b28c13a410421893ffa2e32 -> 
  custom:container-demuxer-ogg: 62fdf1f143b41e24485cea50d1cbac27 -> 
  custom:video-decoder-webm-vp8: 9c59270c3fd7afecdb556c50c9e8de78 -> 
  custom:audio-decoder-ogg-vorbis: bf7c407c2cedff20999df2af8eb42d56 -> 
========================================================================
Received Prepare
Refreshing native plugins compatible for Editor in 15.74 ms, found 4 plugins.
Preloading 0 native plugins for Editor in 0.00 ms.
Unloading 34 Unused Serialized files (Serialized files now loaded: 0)
Unloading 34 unused Assets / (280.1 KB). Loaded Objects now: 4867.
Memory consumption went from 78.3 MB to 78.0 MB.
Total: 11.516900 ms (FindLiveObjects: 0.599400 ms CreateObjectMapping: 0.454200 ms MarkObjects: 10.107700 ms  DeleteObjects: 0.353400 ms)

AssetImportParameters requested are different than current active one (requested -> active):
  custom:video-decoder-ogg-theora: a1e56fd34408186e4bbccfd4996cb3dc -> 
  custom:container-muxer-webm: aa71ff27fc2769a1b78a27578f13a17b -> 
  custom:container-demuxer-webm: 4f35f7cbe854078d1ac9338744f61a02 -> 
  custom:video-encoder-webm-vp8: eb34c28f22e8b96e1ab97ce403110664 -> 
  custom:audio-encoder-webm-vorbis: bf7c407c2cedff20999df2af8eb42d56 -> 
  custom:framework-win-MediaFoundation: 216162199b28c13a410421893ffa2e32 -> 
  custom:container-demuxer-ogg: 62fdf1f143b41e24485cea50d1cbac27 -> 
  custom:video-decoder-webm-vp8: 9c59270c3fd7afecdb556c50c9e8de78 -> 
  custom:audio-decoder-ogg-vorbis: bf7c407c2cedff20999df2af8eb42d56 -> 
========================================================================
Received Prepare
Refreshing native plugins compatible for Editor in 18.37 ms, found 4 plugins.
Preloading 0 native plugins for Editor in 0.00 ms.
Unloading 34 Unused Serialized files (Serialized files now loaded: 0)
Unloading 34 unused Assets / (280.2 KB). Loaded Objects now: 4867.
Memory consumption went from 78.3 MB to 78.0 MB.
Total: 8.529600 ms (FindLiveObjects: 0.701400 ms CreateObjectMapping: 0.601800 ms MarkObjects: 6.094100 ms  DeleteObjects: 1.129800 ms)

AssetImportParameters requested are different than current active one (requested -> active):
  custom:video-decoder-ogg-theora: a1e56fd34408186e4bbccfd4996cb3dc -> 
  custom:container-muxer-webm: aa71ff27fc2769a1b78a27578f13a17b -> 
  custom:container-demuxer-webm: 4f35f7cbe854078d1ac9338744f61a02 -> 
  custom:video-encoder-webm-vp8: eb34c28f22e8b96e1ab97ce403110664 -> 
  custom:audio-encoder-webm-vorbis: bf7c407c2cedff20999df2af8eb42d56 -> 
  custom:framework-win-MediaFoundation: 216162199b28c13a410421893ffa2e32 -> 
  custom:container-demuxer-ogg: 62fdf1f143b41e24485cea50d1cbac27 -> 
  custom:video-decoder-webm-vp8: 9c59270c3fd7afecdb556c50c9e8de78 -> 
  custom:audio-decoder-ogg-vorbis: bf7c407c2cedff20999df2af8eb42d56 -> 
========================================================================
Received Prepare
Registering precompiled user dll's ...
Registered in 0.028030 seconds.
Begin MonoManager ReloadAssembly
Native extension for WindowsStandalone target not found
Native extension for WebGL target not found
Refreshing native plugins compatible for Editor in 2.56 ms, found 4 plugins.
Preloading 0 native plugins for Editor in 0.00 ms.
Mono: successfully reloaded assembly
- Completed reload, in  4.416 seconds
Domain Reload Profiling:
	ReloadAssembly (4419ms)
		BeginReloadAssembly (438ms)
			ExecutionOrderSort (0ms)
			DisableScriptedObjects (19ms)
			BackupInstance (0ms)
			ReleaseScriptingObjects (0ms)
			CreateAndSetChildDomain (96ms)
		EndReloadAssembly (3566ms)
			LoadAssemblies (325ms)
			RebuildTransferFunctionScriptingTraits (0ms)
			SetupTypeCache (1048ms)
			ReleaseScriptCaches (5ms)
			RebuildScriptCaches (299ms)
			SetupLoadedEditorAssemblies (1582ms)
				LogAssemblyErrors (0ms)
				InitializePlatformSupportModulesInManaged (60ms)
				SetLoadedEditorAssemblies (4ms)
				RefreshPlugins (3ms)
				BeforeProcessingInitializeOnLoad (343ms)
				ProcessInitializeOnLoadAttributes (975ms)
				ProcessInitializeOnLoadMethodAttributes (153ms)
				AfterProcessingInitializeOnLoad (43ms)
				EditorAssembliesLoaded (1ms)
			ExecutionOrderSort2 (0ms)
			AwakeInstancesAfterBackupRestoration (34ms)
Platform modules already initialized, skipping
Refreshing native plugins compatible for Editor in 8.32 ms, found 4 plugins.
Preloading 0 native plugins for Editor in 0.00 ms.
Unloading 4238 Unused Serialized files (Serialized files now loaded: 0)
Unloading 34 unused Assets / (282.5 KB). Loaded Objects now: 4882.
Memory consumption went from 162.5 MB to 162.2 MB.
Total: 10.775100 ms (FindLiveObjects: 0.723800 ms CreateObjectMapping: 1.402100 ms MarkObjects: 8.065500 ms  DeleteObjects: 0.581400 ms)

AssetImportParameters requested are different than current active one (requested -> active):
  custom:video-decoder-ogg-theora: a1e56fd34408186e4bbccfd4996cb3dc -> 
  custom:container-muxer-webm: aa71ff27fc2769a1b78a27578f13a17b -> 
  custom:container-demuxer-webm: 4f35f7cbe854078d1ac9338744f61a02 -> 
  custom:video-encoder-webm-vp8: eb34c28f22e8b96e1ab97ce403110664 -> 
  custom:audio-encoder-webm-vorbis: bf7c407c2cedff20999df2af8eb42d56 -> 
  custom:framework-win-MediaFoundation: 216162199b28c13a410421893ffa2e32 -> 
  custom:container-demuxer-ogg: 62fdf1f143b41e24485cea50d1cbac27 -> 
  custom:video-decoder-webm-vp8: 9c59270c3fd7afecdb556c50c9e8de78 -> 
  custom:audio-decoder-ogg-vorbis: bf7c407c2cedff20999df2af8eb42d56 -> 
========================================================================
Received Prepare
Registering precompiled user dll's ...
Registered in 0.031887 seconds.
Begin MonoManager ReloadAssembly
Native extension for WindowsStandalone target not found
Native extension for WebGL target not found
Refreshing native plugins compatible for Editor in 2.39 ms, found 4 plugins.
Preloading 0 native plugins for Editor in 0.00 ms.
Mono: successfully reloaded assembly
- Completed reload, in  4.609 seconds
Domain Reload Profiling:
	ReloadAssembly (4612ms)
		BeginReloadAssembly (455ms)
			ExecutionOrderSort (0ms)
			DisableScriptedObjects (23ms)
			BackupInstance (0ms)
			ReleaseScriptingObjects (0ms)
			CreateAndSetChildDomain (95ms)
		EndReloadAssembly (3708ms)
			LoadAssemblies (347ms)
			RebuildTransferFunctionScriptingTraits (0ms)
			SetupTypeCache (1067ms)
			ReleaseScriptCaches (4ms)
			RebuildScriptCaches (330ms)
			SetupLoadedEditorAssemblies (1641ms)
				LogAssemblyErrors (0ms)
				InitializePlatformSupportModulesInManaged (51ms)
				SetLoadedEditorAssemblies (3ms)
				RefreshPlugins (3ms)
				BeforeProcessingInitializeOnLoad (366ms)
				ProcessInitializeOnLoadAttributes (1002ms)
				ProcessInitializeOnLoadMethodAttributes (170ms)
				AfterProcessingInitializeOnLoad (46ms)
				EditorAssembliesLoaded (1ms)
			ExecutionOrderSort2 (0ms)
			AwakeInstancesAfterBackupRestoration (41ms)
Platform modules already initialized, skipping
Refreshing native plugins compatible for Editor in 10.25 ms, found 4 plugins.
Preloading 0 native plugins for Editor in 0.00 ms.
Unloading 4238 Unused Serialized files (Serialized files now loaded: 0)
Unloading 34 unused Assets / (282.6 KB). Loaded Objects now: 4897.
Memory consumption went from 162.5 MB to 162.2 MB.
Total: 9.394600 ms (FindLiveObjects: 0.623900 ms CreateObjectMapping: 0.770000 ms MarkObjects: 7.638700 ms  DeleteObjects: 0.359200 ms)

AssetImportParameters requested are different than current active one (requested -> active):
  custom:video-decoder-ogg-theora: a1e56fd34408186e4bbccfd4996cb3dc -> 
  custom:container-muxer-webm: aa71ff27fc2769a1b78a27578f13a17b -> 
  custom:container-demuxer-webm: 4f35f7cbe854078d1ac9338744f61a02 -> 
  custom:video-encoder-webm-vp8: eb34c28f22e8b96e1ab97ce403110664 -> 
  custom:audio-encoder-webm-vorbis: bf7c407c2cedff20999df2af8eb42d56 -> 
  custom:framework-win-MediaFoundation: 216162199b28c13a410421893ffa2e32 -> 
  custom:container-demuxer-ogg: 62fdf1f143b41e24485cea50d1cbac27 -> 
  custom:video-decoder-webm-vp8: 9c59270c3fd7afecdb556c50c9e8de78 -> 
  custom:audio-decoder-ogg-vorbis: bf7c407c2cedff20999df2af8eb42d56 -> 
